Copyright 1986-2017 Xilinx, Inc. All Rights Reserved.
-------------------------------------------------------------------------------------
| Tool Version : Vivado v.2017.4 (win64) Build 2086221 Fri Dec 15 20:55:39 MST 2017
| Date         : Wed Apr 24 15:57:47 2024
| Host         : DESKTOP-RFN3QFD running 64-bit major release  (build 9200)
| Command      : report_control_sets -verbose -file receiver_control_sets_placed.rpt
| Design       : receiver
| Device       : xc7a100ti
-------------------------------------------------------------------------------------

Control Set Information

Table of Contents
-----------------
1. Summary
2. Flip-Flop Distribution
3. Detailed Control Set Information

1. Summary
----------

+----------------------------------------------------------+-------+
|                          Status                          | Count |
+----------------------------------------------------------+-------+
| Number of unique control sets                            |     8 |
| Unused register locations in slices containing registers |    25 |
+----------------------------------------------------------+-------+


2. Flip-Flop Distribution
-------------------------

+--------------+-----------------------+------------------------+-----------------+--------------+
| Clock Enable | Synchronous Set/Reset | Asynchronous Set/Reset | Total Registers | Total Slices |
+--------------+-----------------------+------------------------+-----------------+--------------+
| No           | No                    | No                     |               0 |            0 |
| No           | No                    | Yes                    |               5 |            2 |
| No           | Yes                   | No                     |               0 |            0 |
| Yes          | No                    | No                     |               1 |            1 |
| Yes          | No                    | Yes                    |              49 |           15 |
| Yes          | Yes                   | No                     |               0 |            0 |
+--------------+-----------------------+------------------------+-----------------+--------------+


3. Detailed Control Set Information
-----------------------------------

+----------------+---------------------+------------------+------------------+----------------+
|  Clock Signal  |    Enable Signal    | Set/Reset Signal | Slice Load Count | Bel Load Count |
+----------------+---------------------+------------------+------------------+----------------+
|  clk_IBUF_BUFG | DATO_RX_OK_i_1_n_0  | rst_IBUF         |                1 |              1 |
|  clk_IBUF_BUFG | error_recep0        |                  |                1 |              1 |
|  clk_IBUF_BUFG | CntM_Cnt[3]_i_1_n_0 | rst_IBUF         |                1 |              4 |
|  clk_IBUF_BUFG |                     | rst_IBUF         |                2 |              5 |
|  clk_IBUF_BUFG | PR_Cnt[4]_i_1_n_0   | rst_IBUF         |                2 |              6 |
|  clk_IBUF_BUFG | dato_rx[7]_i_1_n_0  | rst_IBUF         |                1 |              8 |
|  clk_IBUF_BUFG | RDB_Out[10]_i_1_n_0 | rst_IBUF         |                5 |             15 |
|  clk_IBUF_BUFG | PR_FC_reg_n_0       | rst_IBUF         |                5 |             15 |
+----------------+---------------------+------------------+------------------+----------------+


+--------+-----------------------+
| Fanout | Number of ControlSets |
+--------+-----------------------+
| 1      |                     2 |
| 4      |                     1 |
| 5      |                     1 |
| 6      |                     1 |
| 8      |                     1 |
| 15     |                     2 |
+--------+-----------------------+


